<?xml version="1.0" encoding="UTF-8"?>
<!-- Generated by org.testng.reporters.JUnitReportReporter -->
<testsuite hostname="MK.local" name="com.demo.BaseClassTest" tests="3" failures="0" timestamp="17 Mar 2012 13:50:52 GMT" time="0.005" errors="0">
  <testcase name="verifyData1" time="0.000" classname="com.demo.BaseClassTest"/>
  <testcase name="verifyData1" time="0.005" classname="com.demo.BaseClassTest"/>
  <testcase name="verifyData1" time="0.000" classname="com.demo.BaseClassTest"/>
</testsuite> <!-- com.demo.BaseClassTest -->
